32,9
00000000000000000000000000000000
00111000100100011100000100010000
01000100100100100010001110111000
00000100100100100010011111111100
00011000100100100010001111111000
00000100100100100010000111110000
01000100100100100010000011100000
00111000100100011100000001000000
00000000000000000000000000000000

00010000000000001000000000000000
00111000000000011100001110111000
00110101111110101010010000000100
00000101111111110111010000000100
00001101111111110111010000000100
00000101111111110111001000001000
00110101111110101010000100010000
00111000000000011100000011100000
00010000000000001000000000000000

00000000000000000000000100010000
00000000111100000000001100011000
00100101000000000001110100010100
00010100000000000000011000001110
00001100000000000000011000001100
00010100000000000000101000001000
00100101000000000001000111110000
00000000111100000000000011100000
00000000000000000000000001000000

00000000011000000000001110111000
00000000111000000000110110110000
00001010111000000000100100010010
00010100000000000000000100010010
00010110000000000000100100010010
00010100000000000000101011101100
00001010111000000000000100010000
00000000111000000000000100010000
00000000011000000000000001000000

00000000000100000000011000001000
00000001000100000000110000000000
00001101101000000000110100011000
00010001010000000000001110111111
00110110000000000000011101010010
00010001010000000000011011101100
00001101101000000000001101010000
00000001000100000000000010100000
00000000000100000000001001001000

00000000001110000000101000000000
00000011101100000000000000011000
00001001011000000000100110100010
00110001010000000000100001000011
00110011000000000000000000000001
00110001010000000000000000001100
00001001011000000000011000011000
00000011101100000000001010110000
00000000001110000000011101010000

00000001000000000000001100111000
00000011100010000000010100010000
00010000000100000000000011110111
00101001011000000000000011000011
01001011000000000000000000000101
00101001011000000000000000011100
00010000000100000000011100100100
00000011100010000000000011000000
00000001000000000000000011010000

00000000000000000000001101001000
00000011100000000000000100000110
00010010011100000000000100011101
00101111101000000000000010001000
11101011000000000000000000000101
00101111101000000000001000010100
00010010011100000000001111110100
00000011100000000000001000000000
00000000000000000000000000011000

00000001000000000000001110011000
00000011111000000000000100010010
00011000001100000000000110010000
00101000101100000000000000010001
10100000000000000000000000000110
10101000101100000000001011010100
00011000001100000000011011110000
00000011111000000000001011000000
00000001000000000000001100011000

00000000010000000000000010100100
00000011111100000000000000110000
00011100000000000000000110111000
01101000011100000000000000001011
10100000000000000000000000100110
00101000011100000000011010010111
00011100000000000000011000011000
00000011111100000000000000001000
00000000010000000000010001111000

00000001000000000000000000000000
00001111111000000000000110000000
00111111000000000000000001101100
11101100001000000000000001101011
10100000000000000000000000010000
01101100001000000000011100110001
00011111000000000000011100010010
00001111111000000000011000000100
00000001000000000000000001101100

00000100010000000000000011000000
00000000010000000000000011000000
10100000001000000000000000101111
10000000000000000000000001001011
00000000000000000000001001001010
11100000000000000000010100111001
00100000001000000000100000111010
00010000010000000000010100110110
00000100010000000000000000001100

00000000111000000000000011000000
00000000011000000000000010100111
11000000000000000000000010111000
11000000000000000000000001101000
00000000000000000000001011001010
11100000000000000000011001000011
10110000000000000000110001000010
00000000011000000000000000100010
00001000111000000000000011111110

00000000000100000000000100000001
10000000101000000000000110101111
01000000000000000000000010001010
11000000000000000000000100001001
00100000000000000000011110010010
10110000000000000000101101100010
10110000000000000000111001100110
00010000101000000000000010001010
00000000000100000000000010011110

10000000001100000000000101000000
10000000000000000000000111011000
01000000000000000000000011001000
11100000000000000000000000011011
00110000000000000000010001110110
00000000000000000000100000010010
00001000000000000000101000110010
00110000000000000000010110100000
00000000001100000000000110011011

10000000001100000000001001000100
11000000000000000000000100011000
00100000000000000000000101000000
10010000000000000000000010000011
10110000000000000000000000000000
00010000000000000000100001000011
00010000000000000000101101110000
00010000000000000000010010101111
00000000001100000000000000110001

11000000001100000000000000000001
11000000000000000000001100101000
00100000000000000000000100000000
10010000000000000000000010000001
11111000000000000000000000000000
00011000000000000000010011000001
00111000000000000000101100011000
00000000000000000000011110001111
10000000001100000000000000110001

00000000001100000000000000100000
00100000000000000000001100000001
00100000000000000000001110000001
10001000000000000000000000000001
01000000000000000000000011000000
10000100000000000000011110000000
00101000000000000000100001011001
10010000000000000000010010100111
01000000001100000000001100011100

00000000001100000000000000011000
00000000000000000000001010000000
01010000000000000000001010000011
11000000000000000000000001000001
01000000000000000000001011000001
11000000000000000000011100100000
01011000000000000000100001111100
11110000000000000000011111100001
10000000001100000000001101111101

00000000001100000000001011000100
00000000000000000000000000000000
01100000000000000000000011000011
01000000000000000000000001000000
00100000000000000000011011100001
01000000000000000000011100001000
00011000000000000000100000001001
00011000000000000000010000000001
00100000001100000000010000000111

00000000001100000000000000000100
00000000000000000000000100000010
11100000000000000000000011000000
01000000000000000000000100000011
11100000000000000000010011100000
10110000000000000000100111010000
10111000000000000000100000000000
10101000000000000000110000000101
00010000001100000000011000000101

00000000001100000000001000000100
01000000000000000000000010000000
11100000000000000000000110000010
00000000000000000000000100100001
00010000000000000000001000100000
10001000000000000000110100000001
10001000000000000001100010000000
10101000000000000000101000000001
10010000001100000000111000001101

10000000001100000000001100001110
11100000000000000000000010000000
11100000000000000000000111000001
11100000000000000000001111000001
10000000000000000000011100000001
10011000000000000001111100000001
00001100000000000001001100000000
00001000000000000000001100000010
11010000001100000000101100001101

00000000001100000000011010001010
00100000000000000000001001000110
00010000000000000000001000000000
00100000000000000000010001000010
00110000000000000000000000000010
10011100000000000001000010000001
00000100000000000001000010000001
10011100000000000000000010000111
11000000001100000000000010001000

01000000001100000000011011001011
00000000000000000000001000000110
00110000000000000000011000000110
00100000000000000000000000000000
01100000000000000000000000000010
10110100000000000000000000000011
00000010000000000000000111000000
01001100000000000000000111000110
11001000001100000000000011001000

01000000001100000000011011001011
00100000000000000000000000001000
00110000000000000000011000000110
00000000000000000000000000000110
10000000000000000000000000000010
10110000000000000000000010000011
11110010000000000000000101000100
11001100000000000000000000100100
01101100001100000000001000101000

11010000001100000000011101001000
01110000000000000000000100001001
00110000000000000000000000001010
00000000000000000000000000000000
11000000000000000000000000000000
00010000000000000000000010000110
00000100000000000000000011000100
00000010000000000000000001111100
00111100001100000000011100101011

00000000001100000000010000001010
00001000000000000000000110011001
01010000000000000000000000000100
01100000000000000000000000000000
00000000000000000000000000000000
00000000000000000000000011000110
00000000000000000000000010010000
00010010000000000000001100000000
11111100001100000000010100000011

01100100001100000000000110011010
00000000000000000000000000011010
11010000000000000000000000001000
01100000000000000000000000000000
00000000000000000000000000000000
00000000000000000000000011000000
00000000000000000000000011000000
11010100000000000000001110000001
11111100001100000000010100000111

00000100001100000000001110010000
10000000000000000000000000000001
11000000000000000000000000011100
11100000000000000000000000000000
00000000000000000000000000000000
00000000000000000000000011000000
10000000000000000000000000000000
00010100000000000000001001000000
00000110001100000000000000001100

00000110001100000000000100001000
11000000000000000000000100010001
00100000000000000000000000001000
10100000000000000000000000001000
01000000000000000000000000000000
00000000000000000000000000000000
00000000000000000000000011000000
00001110000000000000000000000000
00000110001100000000001010001000

10000110001100000000001110011000
11000000000000000000000000011000
00100000000000000000000000011001
00100000000000000000000000000000
01000000000000000000000000000000
00000000000000000000000000000000
00000100000000000000000000000000
00001010000000000000000111000000
00000001001100000000000100000000

11000010001100000000001110011000
11000000000000000000000100100101
10100000000000000000000000011000
01100000000000000000000000000000
00000000000000000000000000000000
00000000000000000000000000000000
00000100000000000000000010000000
00000110000000000000000110000000
00000001001100000000000001000000

01000000001100000000001111111001
00100000000000000000001110100101
00100000000000000000000000011001
01100000000000000000000000000000
00000000000000000000000000000000
00000000000000000000000000000000
00000110000000000000000110000000
00000110000000000000000111000000
00000101001100000000001001000000

10000000001100000000010000011010
01100000000000000000001000000101
10110000000000000000000100011010
01100000000000000000000000000000
00000000000000000000000000000000
00000000000000000000000000000000
00000110000000000000000101000000
00001001000000000000001001000000
00000100001100000000001000010000

11000000001100000000011000011111
00110000000000000000001000000000
10010000000000000000000000001111
01110000000000000000000000000000
00000000000000000000000000000000
00000000000000000000000000000000
00000110000000000000000010000000
00001000000000000000001110100000
00000000001100000000011000111000

11100000001100000000000100100111
00110000000000000000011000010000
10001000000000000000000000000111
11110000000000000000000000000111
00100000000000000000000000000000
00000000000000000000000000000000
00000100000000000000000011000000
00000100000000000000011010100000
10000000001100000000000001100011

00110000001100000000001001110100
00110000000000000000001000001000
00001000000000000000000000001100
00110000000000000000000000000100
10110000000000000000000000000011
00000000000000000000000000000000
00000000000000000000000111000000
00000000000000000000000110100001
00000000001100000000001110110100

00110000001100000000011011000100
00101000000000000000000000100000
00001000000000000000000000001100
01101000000000000000000000001101
01110000000000000000000000000011
00000000000000000000000010000001
00000000000000000000000101000000
00000000000000000000000000110000
00000000001100000000001000000010

00110000001100000000011101000000
00101000000000000000000001001100
01101100000000000000000000011110
01001000000000000000000000001001
01010000000000000000000000000101
10100000000000000000000010000011
00000000000000000000000011100000
00000000000000000000000000100000
00000000001100000000011101100000

00110000001100000000010101000000
00001100000000000000001010110010
11101100000000000000000000010010
01001100000000000000000000010001
01010000000000000000000000000100
11100000000000000000000010000011
00000000000000000000000010100001
00000000000000000000001100010000
00000000001100000000010101100000

00011000001100000000010100010000
00000100000000000000001111110001
11100010000000000000000000011010
00000100000000000000000000001011
00011000000000000000000000000000
01100000000000000000000001000011
01000000000000000000000011000011
00000000000000000000001100010000
00000000001100000000010101100000

00001000001100000000010000010000
11111100000000000000001111000001
11000110000000000000000111001010
11111100000000000000000000011011
10111000000000000000000000000100
01110000000000000000000011000011
01100000000000000000000111100011
00000000000000000000001100000000
00000000001100000000010100110000

11101100001100000000010001010000
00110010000000000000001001100001
00000010000000000000001001111010
00000010000000000000000010011010
00000100000000000000000000001100
00001000000000000000000100100100
01010000000000000000001000100011
00000000000000000000000000010000
00000000001100000000010100110000

11101100001100000000010011010000
10111010000000000000011010001001
00000111000000000000000110001011
00000110000000000000000001000010
00000100000000000000000000000010
00001000000000000000000000011100
00000000000000000000000000110010
00000000000000000000001000010000
01000000001100000000001000011000

00001100001100000000010011110001
00100001000000000000011000011110
10010001000000000000001111000010
00001001000000000000000010000010
00001110000000000000000000001010
00000000000000000000000000111110
00000000000000000000000000100100
00000000000000000000000000000000
11100000001100000000011100011000

10110000001100000000100011000011
00011010000000000000010000011110
00010011100000000000011011001010
00011001000000000000000011000010
00001110000000000000000000001011
00000100000000000000000000100010
00000000000000000000000000100110
01000000000000000000001000011000
11000000001100000000011111011000

10111000001100000000100001000010
00001110000000000000111100111000
00100010100000000000011111111011
00010000100000000000000111000010
00010010000000000000000001000011
00001110000000000000000000010000
00000000000000000000000000101110
11000000000000000000011011000000
00000000001100000000011001011100

00011000001100000000100111000000
01101011000000000000100000001010
00011010000000000000100000001011
00110000000000000000000000010000
00010011000000000000000001100011
00001110000000000000000000111001
00000100000000000000000001111100
00000000000000000000011111000010
10110000001100000000101101001101

10001100001100000001101101001011
00100011000000000001110010000011
01001011000000000000000000011011
00100111000000000000000000110100
00110011000000000000000001001011
00001001000000000000000000000001
00001110000000000000001100000110
00000000000000000000010000000011
00111000001100000000100000100111

